<?xml version="1.0" encoding="UTF-8"?>
<testsuite xmlns:xsi="http://www.w3.org/2001/XMLSchema-instance" xsi:noNamespaceSchemaLocation="https://maven.apache.org/surefire/maven-surefire-plugin/xsd/surefire-test-report-3.0.xsd" version="3.0" name="TestRunner.Run" time="19.381" tests="1" errors="0" skipped="0" failures="0">
  <properties>
[...]
</properties>
  <testcase name="Successful Login with Valid Credentials" classname="Login" time="18.053">
    <system-out><![CDATA[Setup-Sanity Method Executed..
[DEBUG] Resolution chrome=110 in cache (valid until 01:18:48 02/03/2023 IST)
[DEBUG] Resolution chrome110=110.0.5481.77 in cache (valid until 00:18:48 03/03/2023 IST)
[INFO] Using chromedriver 110.0.5481.77 (resolved driver for Chrome 110)
[DEBUG] Driver chromedriver 110.0.5481.77 found in cache
[INFO] Exporting webdriver.chrome.driver as C:\Windows\system32\config\systemprofile\.cache\selenium\chromedriver\win32\110.0.5481.77\chromedriver.exe
[DEBUG] Using SLF4J as the default logging framework
[DEBUG] -Dio.netty.leakDetection.level: simple
[DEBUG] -Dio.netty.leakDetection.targetRecords: 4
[DEBUG] Loaded default ResourceLeakDetector: io.netty.util.ResourceLeakDetector@640ab13c
[DEBUG] -Dio.netty.noUnsafe: false
[DEBUG] Java version: 11
[DEBUG] sun.misc.Unsafe.theUnsafe: available
[DEBUG] sun.misc.Unsafe.copyMemory: available
[DEBUG] sun.misc.Unsafe.storeFence: available
[DEBUG] java.nio.Buffer.address: available
[DEBUG] direct buffer constructor: unavailable: Reflective setAccessible(true) disabled
[DEBUG] java.nio.Bits.unaligned: available, true
[DEBUG] jdk.internal.misc.Unsafe.allocateUninitializedArray(int): unavailable: class io.netty.util.internal.PlatformDependent0$7 cannot access class jdk.internal.misc.Unsafe (in module java.base) because module java.base does not export jdk.internal.misc to unnamed module @4397ad89
[DEBUG] java.nio.DirectByteBuffer.<init>(long, int): unavailable
[DEBUG] sun.misc.Unsafe: available
[DEBUG] maxDirectMemory: 2113929216 bytes (maybe)
[DEBUG] -Dio.netty.tmpdir: C:\Windows\TEMP (java.io.tmpdir)
[DEBUG] -Dio.netty.bitMode: 64 (sun.arch.data.model)
[DEBUG] Platform: Windows
[DEBUG] -Dio.netty.maxDirectMemory: -1 bytes
[DEBUG] -Dio.netty.uninitializedArrayAllocationThreshold: -1
[DEBUG] java.nio.ByteBuffer.cleaner(): available
[DEBUG] -Dio.netty.noPreferDirect: false
[DEBUG] org.jctools-core.MpscChunkedArrayQueue: available
[DEBUG] -Dio.netty.threadLocalMap.stringBuilder.initialSize: 1024
[DEBUG] -Dio.netty.threadLocalMap.stringBuilder.maxSize: 4096
[DEBUG] Default protocols (JDK): [TLSv1.3, TLSv1.2] 
[DEBUG] Default cipher suites (JDK): [TLS_ECDHE_ECDSA_WITH_AES_256_GCM_SHA384, TLS_ECDHE_ECDSA_WITH_AES_128_GCM_SHA256, TLS_ECDHE_RSA_WITH_AES_128_GCM_SHA256, TLS_ECDHE_RSA_WITH_AES_256_GCM_SHA384, TLS_ECDHE_RSA_WITH_AES_128_CBC_SHA, TLS_ECDHE_RSA_WITH_AES_256_CBC_SHA, TLS_RSA_WITH_AES_128_GCM_SHA256, TLS_RSA_WITH_AES_128_CBC_SHA, TLS_RSA_WITH_AES_256_CBC_SHA, TLS_AES_128_GCM_SHA256, TLS_AES_256_GCM_SHA384]
[DEBUG] -Dio.netty.eventLoopThreads: 8
[DEBUG] -Dio.netty.noKeySetOptimization: false
[DEBUG] -Dio.netty.selectorAutoRebuildThreshold: 512
[DEBUG] -Dio.netty.allocator.numHeapArenas: 8
[DEBUG] -Dio.netty.allocator.numDirectArenas: 8
[DEBUG] -Dio.netty.allocator.pageSize: 8192
[DEBUG] -Dio.netty.allocator.maxOrder: 9
[DEBUG] -Dio.netty.allocator.chunkSize: 4194304
[DEBUG] -Dio.netty.allocator.smallCacheSize: 256
[DEBUG] -Dio.netty.allocator.normalCacheSize: 64
[DEBUG] -Dio.netty.allocator.maxCachedBufferCapacity: 32768
[DEBUG] -Dio.netty.allocator.cacheTrimInterval: 8192
[DEBUG] -Dio.netty.allocator.cacheTrimIntervalMillis: 0
[DEBUG] -Dio.netty.allocator.useCacheForAllThreads: false
[DEBUG] -Dio.netty.allocator.maxCachedByteBuffersPerChunk: 1023
[DEBUG] -Dio.netty.allocator.type: pooled
[DEBUG] -Dio.netty.threadLocalDirectBufferSize: 0
[DEBUG] -Dio.netty.maxThreadLocalCharBufferSize: 16384
[DEBUG] -Dio.netty.processId: 9180 (auto-detected)
[DEBUG] -Djava.net.preferIPv4Stack: false
[DEBUG] -Djava.net.preferIPv6Addresses: false
[DEBUG] Loopback interface: lo (Software Loopback Interface 1, 127.0.0.1)
[DEBUG] Failed to get SOMAXCONN from sysctl and file \proc\sys\net\core\somaxconn. Default: 200
[DEBUG] -Dio.netty.machineId: 10:7d:1a:ff:fe:38:8b:44 (auto-detected)
[DEBUG] -Dio.netty.buffer.checkAccessible: true
[DEBUG] -Dio.netty.buffer.checkBounds: true
[DEBUG] Loaded default ResourceLeakDetector: io.netty.util.ResourceLeakDetector@10ead070
[DEBUG] Using new Channel '[id: 0x076ca551, L:/127.0.0.1:57742 - R:localhost/127.0.0.1:54778]' for 'POST' to '/session'
[DEBUG] -Dio.netty.recycler.maxCapacityPerThread: 4096
[DEBUG] -Dio.netty.recycler.ratio: 8
[DEBUG] -Dio.netty.recycler.chunkSize: 32
[DEBUG] -Dio.netty.recycler.blocking: false
[DEBUG] brotli4j not in the classpath; Brotli support will be unavailable.
[DEBUG] 

Request DefaultHttpRequest(decodeResult: success, version: HTTP/1.1)
POST /session HTTP/1.1
User-Agent: selenium/4.2.1 (java windows)
Content-Length: 365
Content-Type: application/json; charset=utf-8
host: localhost:54778
accept: */*

Response DefaultHttpResponse(decodeResult: success, version: HTTP/1.1)
HTTP/1.1 200 OK
Content-Type: application/json; charset=utf-8
cache-control: no-cache
content-length: 776

[DEBUG] Adding key: http://localhost:54778 for channel [id: 0x076ca551, L:/127.0.0.1:57742 - R:localhost/127.0.0.1:54778]
[DEBUG] Using new Channel '[id: 0xaebbcdc8, L:/127.0.0.1:57750 - R:localhost/127.0.0.1:57743]' for 'GET' to '/json/version'
[DEBUG] 

Request DefaultFullHttpRequest(decodeResult: success, version: HTTP/1.1, content: EmptyByteBufBE)
GET /json/version HTTP/1.1
User-Agent: selenium/4.2.1 (java windows)
host: localhost:57743
accept: */*

Response DefaultHttpResponse(decodeResult: success, version: HTTP/1.1)
HTTP/1.1 200 OK
Content-Security-Policy: frame-ancestors 'none'
Content-Type: application/json; charset=UTF-8
content-length: 424

[DEBUG] Adding key: http://localhost:57743 for channel [id: 0xaebbcdc8, L:/127.0.0.1:57750 - R:localhost/127.0.0.1:57743]
[DEBUG] -Dio.netty.initialSeedUniquifier: 0xf95344eec6876789
[DEBUG] Using new Channel '[id: 0x4deb999f, L:/127.0.0.1:57751 - R:localhost/127.0.0.1:57743]' for 'GET' to '/devtools/browser/4f75ba3d-9eaf-4466-971e-357557c859df'
[DEBUG] 

Request DefaultFullHttpRequest(decodeResult: success, version: HTTP/1.1, content: EmptyByteBufBE)
GET /devtools/browser/4f75ba3d-9eaf-4466-971e-357557c859df HTTP/1.1
upgrade: websocket
connection: upgrade
sec-websocket-key: QfY+FrkE4CujtpKvKkQsLA==
sec-websocket-version: 13
origin: http://localhost:57743
host: localhost:57743
accept: */*
user-agent: AHC/2.1

Response DefaultHttpResponse(decodeResult: success, version: HTTP/1.1)
HTTP/1.1 101 WebSocket Protocol Handshake
Upgrade: WebSocket
Connection: Upgrade
Sec-WebSocket-Accept: oO1anb4miLIg5n2WNrAOYaxPJ6k=

[DEBUG] Using pooled Channel '[id: 0x076ca551, L:/127.0.0.1:57742 - R:localhost/127.0.0.1:54778]' for 'POST' to 'http://localhost:54778/session/b7dc919ce5408a4bbe9d0ea11c72fe0d/url'
[DEBUG] Using open Channel [id: 0x076ca551, L:/127.0.0.1:57742 - R:localhost/127.0.0.1:54778] for POST '/session/b7dc919ce5408a4bbe9d0ea11c72fe0d/url'
[DEBUG] Entry count for : http://localhost:57743 : 1
[DEBUG] Entry count for : http://localhost:57743 : 1
[DEBUG] 

Request DefaultHttpRequest(decodeResult: success, version: HTTP/1.1)
POST /session/b7dc919ce5408a4bbe9d0ea11c72fe0d/url HTTP/1.1
User-Agent: selenium/4.2.1 (java windows)
Content-Length: 69
Content-Type: application/json; charset=utf-8
host: localhost:54778
accept: */*

Response DefaultHttpResponse(decodeResult: success, version: HTTP/1.1)
HTTP/1.1 200 OK
Content-Type: application/json; charset=utf-8
cache-control: no-cache
content-length: 14

[DEBUG] Adding key: http://localhost:54778 for channel [id: 0x076ca551, L:/127.0.0.1:57742 - R:localhost/127.0.0.1:54778]
[DEBUG] Using pooled Channel '[id: 0x076ca551, L:/127.0.0.1:57742 - R:localhost/127.0.0.1:54778]' for 'POST' to 'http://localhost:54778/session/b7dc919ce5408a4bbe9d0ea11c72fe0d/element'
[DEBUG] Using open Channel [id: 0x076ca551, L:/127.0.0.1:57742 - R:localhost/127.0.0.1:54778] for POST '/session/b7dc919ce5408a4bbe9d0ea11c72fe0d/element'
[DEBUG] 

Request DefaultHttpRequest(decodeResult: success, version: HTTP/1.1)
POST /session/b7dc919ce5408a4bbe9d0ea11c72fe0d/element HTTP/1.1
User-Agent: selenium/4.2.1 (java windows)
Content-Length: 50
Content-Type: application/json; charset=utf-8
host: localhost:54778
accept: */*

Response DefaultHttpResponse(decodeResult: success, version: HTTP/1.1)
HTTP/1.1 200 OK
Content-Type: application/json; charset=utf-8
cache-control: no-cache
content-length: 88

[DEBUG] Adding key: http://localhost:54778 for channel [id: 0x076ca551, L:/127.0.0.1:57742 - R:localhost/127.0.0.1:54778]
[DEBUG] Using pooled Channel '[id: 0x076ca551, L:/127.0.0.1:57742 - R:localhost/127.0.0.1:54778]' for 'POST' to 'http://localhost:54778/session/b7dc919ce5408a4bbe9d0ea11c72fe0d/element/e3107098-9872-434b-a698-335b76c7b600/clear'
[DEBUG] Using open Channel [id: 0x076ca551, L:/127.0.0.1:57742 - R:localhost/127.0.0.1:54778] for POST '/session/b7dc919ce5408a4bbe9d0ea11c72fe0d/element/e3107098-9872-434b-a698-335b76c7b600/clear'
[DEBUG] 

Request DefaultHttpRequest(decodeResult: success, version: HTTP/1.1)
POST /session/b7dc919ce5408a4bbe9d0ea11c72fe0d/element/e3107098-9872-434b-a698-335b76c7b600/clear HTTP/1.1
User-Agent: selenium/4.2.1 (java windows)
Content-Length: 50
Content-Type: application/json; charset=utf-8
host: localhost:54778
accept: */*

Response DefaultHttpResponse(decodeResult: success, version: HTTP/1.1)
HTTP/1.1 200 OK
Content-Type: application/json; charset=utf-8
cache-control: no-cache
content-length: 14

[DEBUG] Adding key: http://localhost:54778 for channel [id: 0x076ca551, L:/127.0.0.1:57742 - R:localhost/127.0.0.1:54778]
[DEBUG] Using pooled Channel '[id: 0x076ca551, L:/127.0.0.1:57742 - R:localhost/127.0.0.1:54778]' for 'POST' to 'http://localhost:54778/session/b7dc919ce5408a4bbe9d0ea11c72fe0d/element'
[DEBUG] Using open Channel [id: 0x076ca551, L:/127.0.0.1:57742 - R:localhost/127.0.0.1:54778] for POST '/session/b7dc919ce5408a4bbe9d0ea11c72fe0d/element'
[DEBUG] 

Request DefaultHttpRequest(decodeResult: success, version: HTTP/1.1)
POST /session/b7dc919ce5408a4bbe9d0ea11c72fe0d/element HTTP/1.1
User-Agent: selenium/4.2.1 (java windows)
Content-Length: 50
Content-Type: application/json; charset=utf-8
host: localhost:54778
accept: */*

Response DefaultHttpResponse(decodeResult: success, version: HTTP/1.1)
HTTP/1.1 200 OK
Content-Type: application/json; charset=utf-8
cache-control: no-cache
content-length: 88

[DEBUG] Adding key: http://localhost:54778 for channel [id: 0x076ca551, L:/127.0.0.1:57742 - R:localhost/127.0.0.1:54778]
[DEBUG] Using pooled Channel '[id: 0x076ca551, L:/127.0.0.1:57742 - R:localhost/127.0.0.1:54778]' for 'POST' to 'http://localhost:54778/session/b7dc919ce5408a4bbe9d0ea11c72fe0d/element/e3107098-9872-434b-a698-335b76c7b600/value'
[DEBUG] Using open Channel [id: 0x076ca551, L:/127.0.0.1:57742 - R:localhost/127.0.0.1:54778] for POST '/session/b7dc919ce5408a4bbe9d0ea11c72fe0d/element/e3107098-9872-434b-a698-335b76c7b600/value'
[DEBUG] 

Request DefaultHttpRequest(decodeResult: success, version: HTTP/1.1)
POST /session/b7dc919ce5408a4bbe9d0ea11c72fe0d/element/e3107098-9872-434b-a698-335b76c7b600/value HTTP/1.1
User-Agent: selenium/4.2.1 (java windows)
Content-Length: 271
Content-Type: application/json; charset=utf-8
host: localhost:54778
accept: */*

Response DefaultHttpResponse(decodeResult: success, version: HTTP/1.1)
HTTP/1.1 200 OK
Content-Type: application/json; charset=utf-8
cache-control: no-cache
content-length: 14

[DEBUG] Adding key: http://localhost:54778 for channel [id: 0x076ca551, L:/127.0.0.1:57742 - R:localhost/127.0.0.1:54778]
[DEBUG] Using pooled Channel '[id: 0x076ca551, L:/127.0.0.1:57742 - R:localhost/127.0.0.1:54778]' for 'POST' to 'http://localhost:54778/session/b7dc919ce5408a4bbe9d0ea11c72fe0d/element'
[DEBUG] Using open Channel [id: 0x076ca551, L:/127.0.0.1:57742 - R:localhost/127.0.0.1:54778] for POST '/session/b7dc919ce5408a4bbe9d0ea11c72fe0d/element'
[DEBUG] 

Request DefaultHttpRequest(decodeResult: success, version: HTTP/1.1)
POST /session/b7dc919ce5408a4bbe9d0ea11c72fe0d/element HTTP/1.1
User-Agent: selenium/4.2.1 (java windows)
Content-Length: 53
Content-Type: application/json; charset=utf-8
host: localhost:54778
accept: */*

Response DefaultHttpResponse(decodeResult: success, version: HTTP/1.1)
HTTP/1.1 200 OK
Content-Type: application/json; charset=utf-8
cache-control: no-cache
content-length: 88

[DEBUG] Adding key: http://localhost:54778 for channel [id: 0x076ca551, L:/127.0.0.1:57742 - R:localhost/127.0.0.1:54778]
[DEBUG] Using pooled Channel '[id: 0x076ca551, L:/127.0.0.1:57742 - R:localhost/127.0.0.1:54778]' for 'POST' to 'http://localhost:54778/session/b7dc919ce5408a4bbe9d0ea11c72fe0d/element/52b7d535-7e11-4c5c-aa3c-2ec564d8a400/clear'
[DEBUG] Using open Channel [id: 0x076ca551, L:/127.0.0.1:57742 - R:localhost/127.0.0.1:54778] for POST '/session/b7dc919ce5408a4bbe9d0ea11c72fe0d/element/52b7d535-7e11-4c5c-aa3c-2ec564d8a400/clear'
[DEBUG] 

Request DefaultHttpRequest(decodeResult: success, version: HTTP/1.1)
POST /session/b7dc919ce5408a4bbe9d0ea11c72fe0d/element/52b7d535-7e11-4c5c-aa3c-2ec564d8a400/clear HTTP/1.1
User-Agent: selenium/4.2.1 (java windows)
Content-Length: 50
Content-Type: application/json; charset=utf-8
host: localhost:54778
accept: */*

Response DefaultHttpResponse(decodeResult: success, version: HTTP/1.1)
HTTP/1.1 200 OK
Content-Type: application/json; charset=utf-8
cache-control: no-cache
content-length: 14

[DEBUG] Adding key: http://localhost:54778 for channel [id: 0x076ca551, L:/127.0.0.1:57742 - R:localhost/127.0.0.1:54778]
[DEBUG] Using pooled Channel '[id: 0x076ca551, L:/127.0.0.1:57742 - R:localhost/127.0.0.1:54778]' for 'POST' to 'http://localhost:54778/session/b7dc919ce5408a4bbe9d0ea11c72fe0d/element'
[DEBUG] Using open Channel [id: 0x076ca551, L:/127.0.0.1:57742 - R:localhost/127.0.0.1:54778] for POST '/session/b7dc919ce5408a4bbe9d0ea11c72fe0d/element'
[DEBUG] 

Request DefaultHttpRequest(decodeResult: success, version: HTTP/1.1)
POST /session/b7dc919ce5408a4bbe9d0ea11c72fe0d/element HTTP/1.1
User-Agent: selenium/4.2.1 (java windows)
Content-Length: 53
Content-Type: application/json; charset=utf-8
host: localhost:54778
accept: */*

Response DefaultHttpResponse(decodeResult: success, version: HTTP/1.1)
HTTP/1.1 200 OK
Content-Type: application/json; charset=utf-8
cache-control: no-cache
content-length: 88

[DEBUG] Adding key: http://localhost:54778 for channel [id: 0x076ca551, L:/127.0.0.1:57742 - R:localhost/127.0.0.1:54778]
[DEBUG] Using pooled Channel '[id: 0x076ca551, L:/127.0.0.1:57742 - R:localhost/127.0.0.1:54778]' for 'POST' to 'http://localhost:54778/session/b7dc919ce5408a4bbe9d0ea11c72fe0d/element/52b7d535-7e11-4c5c-aa3c-2ec564d8a400/value'
[DEBUG] Using open Channel [id: 0x076ca551, L:/127.0.0.1:57742 - R:localhost/127.0.0.1:54778] for POST '/session/b7dc919ce5408a4bbe9d0ea11c72fe0d/element/52b7d535-7e11-4c5c-aa3c-2ec564d8a400/value'
[DEBUG] 

Request DefaultHttpRequest(decodeResult: success, version: HTTP/1.1)
POST /session/b7dc919ce5408a4bbe9d0ea11c72fe0d/element/52b7d535-7e11-4c5c-aa3c-2ec564d8a400/value HTTP/1.1
User-Agent: selenium/4.2.1 (java windows)
Content-Length: 131
Content-Type: application/json; charset=utf-8
host: localhost:54778
accept: */*

Response DefaultHttpResponse(decodeResult: success, version: HTTP/1.1)
HTTP/1.1 200 OK
Content-Type: application/json; charset=utf-8
cache-control: no-cache
content-length: 14

[DEBUG] Adding key: http://localhost:54778 for channel [id: 0x076ca551, L:/127.0.0.1:57742 - R:localhost/127.0.0.1:54778]
[DEBUG] Using pooled Channel '[id: 0x076ca551, L:/127.0.0.1:57742 - R:localhost/127.0.0.1:54778]' for 'POST' to 'http://localhost:54778/session/b7dc919ce5408a4bbe9d0ea11c72fe0d/element'
[DEBUG] Using open Channel [id: 0x076ca551, L:/127.0.0.1:57742 - R:localhost/127.0.0.1:54778] for POST '/session/b7dc919ce5408a4bbe9d0ea11c72fe0d/element'
[DEBUG] 

Request DefaultHttpRequest(decodeResult: success, version: HTTP/1.1)
POST /session/b7dc919ce5408a4bbe9d0ea11c72fe0d/element HTTP/1.1
User-Agent: selenium/4.2.1 (java windows)
Content-Length: 87
Content-Type: application/json; charset=utf-8
host: localhost:54778
accept: */*

Response DefaultHttpResponse(decodeResult: success, version: HTTP/1.1)
HTTP/1.1 200 OK
Content-Type: application/json; charset=utf-8
cache-control: no-cache
content-length: 88

[DEBUG] Adding key: http://localhost:54778 for channel [id: 0x076ca551, L:/127.0.0.1:57742 - R:localhost/127.0.0.1:54778]
[DEBUG] Using pooled Channel '[id: 0x076ca551, L:/127.0.0.1:57742 - R:localhost/127.0.0.1:54778]' for 'POST' to 'http://localhost:54778/session/b7dc919ce5408a4bbe9d0ea11c72fe0d/element/f54541e4-2a43-499d-8c0b-7ab86e4eb132/click'
[DEBUG] Using open Channel [id: 0x076ca551, L:/127.0.0.1:57742 - R:localhost/127.0.0.1:54778] for POST '/session/b7dc919ce5408a4bbe9d0ea11c72fe0d/element/f54541e4-2a43-499d-8c0b-7ab86e4eb132/click'
[DEBUG] Entry count for : http://localhost:57743 : 1
[DEBUG] Entry count for : http://localhost:57743 : 1
[DEBUG] Entry count for : http://localhost:57743 : 1
[DEBUG] Entry count for : http://localhost:57743 : 1
[DEBUG] 

Request DefaultHttpRequest(decodeResult: success, version: HTTP/1.1)
POST /session/b7dc919ce5408a4bbe9d0ea11c72fe0d/element/f54541e4-2a43-499d-8c0b-7ab86e4eb132/click HTTP/1.1
User-Agent: selenium/4.2.1 (java windows)
Content-Length: 50
Content-Type: application/json; charset=utf-8
host: localhost:54778
accept: */*

Response DefaultHttpResponse(decodeResult: success, version: HTTP/1.1)
HTTP/1.1 200 OK
Content-Type: application/json; charset=utf-8
cache-control: no-cache
content-length: 14

[DEBUG] Adding key: http://localhost:54778 for channel [id: 0x076ca551, L:/127.0.0.1:57742 - R:localhost/127.0.0.1:54778]
[DEBUG] Using pooled Channel '[id: 0x076ca551, L:/127.0.0.1:57742 - R:localhost/127.0.0.1:54778]' for 'GET' to 'http://localhost:54778/session/b7dc919ce5408a4bbe9d0ea11c72fe0d/title'
[DEBUG] Using open Channel [id: 0x076ca551, L:/127.0.0.1:57742 - R:localhost/127.0.0.1:54778] for GET '/session/b7dc919ce5408a4bbe9d0ea11c72fe0d/title'
[DEBUG] 

Request DefaultFullHttpRequest(decodeResult: success, version: HTTP/1.1, content: EmptyByteBufBE)
GET /session/b7dc919ce5408a4bbe9d0ea11c72fe0d/title HTTP/1.1
User-Agent: selenium/4.2.1 (java windows)
Cache-Control: no-cache
Content-Type: application/json; charset=utf-8
host: localhost:54778
accept: */*

Response DefaultHttpResponse(decodeResult: success, version: HTTP/1.1)
HTTP/1.1 200 OK
Content-Type: application/json; charset=utf-8
cache-control: no-cache
content-length: 50

[DEBUG] Adding key: http://localhost:54778 for channel [id: 0x076ca551, L:/127.0.0.1:57742 - R:localhost/127.0.0.1:54778]
[DEBUG] Using pooled Channel '[id: 0x076ca551, L:/127.0.0.1:57742 - R:localhost/127.0.0.1:54778]' for 'POST' to 'http://localhost:54778/session/b7dc919ce5408a4bbe9d0ea11c72fe0d/element'
[DEBUG] Using open Channel [id: 0x076ca551, L:/127.0.0.1:57742 - R:localhost/127.0.0.1:54778] for POST '/session/b7dc919ce5408a4bbe9d0ea11c72fe0d/element'
[DEBUG] 

Request DefaultHttpRequest(decodeResult: success, version: HTTP/1.1)
POST /session/b7dc919ce5408a4bbe9d0ea11c72fe0d/element HTTP/1.1
User-Agent: selenium/4.2.1 (java windows)
Content-Length: 47
Content-Type: application/json; charset=utf-8
host: localhost:54778
accept: */*

Response DefaultHttpResponse(decodeResult: success, version: HTTP/1.1)
HTTP/1.1 200 OK
Content-Type: application/json; charset=utf-8
cache-control: no-cache
content-length: 88

[DEBUG] Adding key: http://localhost:54778 for channel [id: 0x076ca551, L:/127.0.0.1:57742 - R:localhost/127.0.0.1:54778]
[DEBUG] Using pooled Channel '[id: 0x076ca551, L:/127.0.0.1:57742 - R:localhost/127.0.0.1:54778]' for 'POST' to 'http://localhost:54778/session/b7dc919ce5408a4bbe9d0ea11c72fe0d/element/be7ff90c-942e-4c45-888d-0060fff007f0/click'
[DEBUG] Using open Channel [id: 0x076ca551, L:/127.0.0.1:57742 - R:localhost/127.0.0.1:54778] for POST '/session/b7dc919ce5408a4bbe9d0ea11c72fe0d/element/be7ff90c-942e-4c45-888d-0060fff007f0/click'
[DEBUG] Entry count for : http://localhost:57743 : 1
[DEBUG] 

Request DefaultHttpRequest(decodeResult: success, version: HTTP/1.1)
POST /session/b7dc919ce5408a4bbe9d0ea11c72fe0d/element/be7ff90c-942e-4c45-888d-0060fff007f0/click HTTP/1.1
User-Agent: selenium/4.2.1 (java windows)
Content-Length: 50
Content-Type: application/json; charset=utf-8
host: localhost:54778
accept: */*

Response DefaultHttpResponse(decodeResult: success, version: HTTP/1.1)
HTTP/1.1 200 OK
Content-Type: application/json; charset=utf-8
cache-control: no-cache
content-length: 14

[DEBUG] Adding key: http://localhost:54778 for channel [id: 0x076ca551, L:/127.0.0.1:57742 - R:localhost/127.0.0.1:54778]
[DEBUG] Using pooled Channel '[id: 0x076ca551, L:/127.0.0.1:57742 - R:localhost/127.0.0.1:54778]' for 'GET' to 'http://localhost:54778/session/b7dc919ce5408a4bbe9d0ea11c72fe0d/title'
[DEBUG] Using open Channel [id: 0x076ca551, L:/127.0.0.1:57742 - R:localhost/127.0.0.1:54778] for GET '/session/b7dc919ce5408a4bbe9d0ea11c72fe0d/title'
[DEBUG] 

Request DefaultFullHttpRequest(decodeResult: success, version: HTTP/1.1, content: EmptyByteBufBE)
GET /session/b7dc919ce5408a4bbe9d0ea11c72fe0d/title HTTP/1.1
User-Agent: selenium/4.2.1 (java windows)
Cache-Control: no-cache
Content-Type: application/json; charset=utf-8
host: localhost:54778
accept: */*

Response DefaultHttpResponse(decodeResult: success, version: HTTP/1.1)
HTTP/1.1 200 OK
Content-Type: application/json; charset=utf-8
cache-control: no-cache
content-length: 29

[DEBUG] Adding key: http://localhost:54778 for channel [id: 0x076ca551, L:/127.0.0.1:57742 - R:localhost/127.0.0.1:54778]
[DEBUG] Using pooled Channel '[id: 0x076ca551, L:/127.0.0.1:57742 - R:localhost/127.0.0.1:54778]' for 'DELETE' to 'http://localhost:54778/session/b7dc919ce5408a4bbe9d0ea11c72fe0d/window'
[DEBUG] Using open Channel [id: 0x076ca551, L:/127.0.0.1:57742 - R:localhost/127.0.0.1:54778] for DELETE '/session/b7dc919ce5408a4bbe9d0ea11c72fe0d/window'
[DEBUG] Channel Closed: [id: 0xaebbcdc8, L:/127.0.0.1:57750 ! R:localhost/127.0.0.1:57743] with attribute DISCARD
[DEBUG] Channel Closed: [id: 0x4deb999f, L:/127.0.0.1:57751 ! R:localhost/127.0.0.1:57743] with attribute NettyResponseFuture{currentRetry=0,
	isDone=1,
	isCancelled=0,
	asyncHandler=org.asynchttpclient.ws.WebSocketUpgradeHandler@1467303e,
	nettyRequest=org.asynchttpclient.netty.request.NettyRequest@27b737e1,
	future=java.util.concurrent.CompletableFuture@cfb847c[Completed normally],
	uri=ws://localhost:57743/devtools/browser/4f75ba3d-9eaf-4466-971e-357557c859df,
	keepAlive=true,
	redirectCount=0,
	timeoutsHolder=null,
	inAuth=0,
	touch=1677698041457}
[DEBUG] Closing Channel [id: 0x4deb999f, L:/127.0.0.1:57751 ! R:localhost/127.0.0.1:57743] 
[DEBUG] 

Request DefaultFullHttpRequest(decodeResult: success, version: HTTP/1.1, content: EmptyByteBufBE)
DELETE /session/b7dc919ce5408a4bbe9d0ea11c72fe0d/window HTTP/1.1
User-Agent: selenium/4.2.1 (java windows)
Content-Type: application/json; charset=utf-8
host: localhost:54778
accept: */*

Response DefaultHttpResponse(decodeResult: success, version: HTTP/1.1)
HTTP/1.1 200 OK
Content-Type: application/json; charset=utf-8
cache-control: no-cache
content-length: 12

[DEBUG] Adding key: http://localhost:54778 for channel [id: 0x076ca551, L:/127.0.0.1:57742 - R:localhost/127.0.0.1:54778]
Tear Down1 Method Executed..
[DEBUG] Using pooled Channel '[id: 0x076ca551, L:/127.0.0.1:57742 - R:localhost/127.0.0.1:54778]' for 'DELETE' to 'http://localhost:54778/session/b7dc919ce5408a4bbe9d0ea11c72fe0d'
[DEBUG] Using open Channel [id: 0x076ca551, L:/127.0.0.1:57742 - R:localhost/127.0.0.1:54778] for DELETE '/session/b7dc919ce5408a4bbe9d0ea11c72fe0d'
[DEBUG] 

Request DefaultFullHttpRequest(decodeResult: success, version: HTTP/1.1, content: EmptyByteBufBE)
DELETE /session/b7dc919ce5408a4bbe9d0ea11c72fe0d HTTP/1.1
User-Agent: selenium/4.2.1 (java windows)
Content-Type: application/json; charset=utf-8
host: localhost:54778
accept: */*

Response DefaultHttpResponse(decodeResult: success, version: HTTP/1.1)
HTTP/1.1 200 OK
Content-Type: application/json; charset=utf-8
cache-control: no-cache
content-length: 14

[DEBUG] Adding key: http://localhost:54778 for channel [id: 0x076ca551, L:/127.0.0.1:57742 - R:localhost/127.0.0.1:54778]
[DEBUG] Channel Closed: [id: 0x076ca551, L:/127.0.0.1:57742 ! R:localhost/127.0.0.1:54778] with attribute DISCARD
[DEBUG] Entry count for : http://localhost:54778 : 1
[DEBUG] Entry count for : http://localhost:57743 : 1
[DEBUG] Adding Candidate expired Channel [id: 0x076ca551, L:/127.0.0.1:57742 ! R:localhost/127.0.0.1:54778] isIdleTimeoutExpired=false isRemotelyClosed=true isTtlExpired=false
[DEBUG] Closing Idle Channel [id: 0x076ca551, L:/127.0.0.1:57742 ! R:localhost/127.0.0.1:54778]
[DEBUG] Adding Candidate expired Channel [id: 0xaebbcdc8, L:/127.0.0.1:57750 ! R:localhost/127.0.0.1:57743] isIdleTimeoutExpired=false isRemotelyClosed=true isTtlExpired=false
[DEBUG] Closing Idle Channel [id: 0xaebbcdc8, L:/127.0.0.1:57750 ! R:localhost/127.0.0.1:57743]
[DEBUG] Closed 2 connections out of 2 in 0 ms
]]></system-out>
    <system-err><![CDATA[Starting ChromeDriver 110.0.5481.77 (65ed616c6e8ee3fe0ad64fe83796c020644d42af-refs/branch-heads/5481@{#839}) on port 54778
Only local connections are allowed.
Please see https://chromedriver.chromium.org/security-considerations for suggestions on keeping ChromeDriver safe.
ChromeDriver was started successfully.
[1677698039.612][WARNING]: virtual void DevToolsClientImpl::AddListener(DevToolsEventListener *) subscribing a listener to the already connected DevToolsClient. Connection notification will not arrive.
Mar 02, 2023 12:44:01 AM org.openqa.selenium.remote.ProtocolHandshake createSession
INFO: Detected upstream dialect: W3C
Mar 02, 2023 12:44:01 AM org.openqa.selenium.devtools.CdpVersionFinder findNearestMatch
WARNING: Unable to find an exact match for CDP version 110, so returning the closest version found: a no-op implementation
Mar 02, 2023 12:44:01 AM org.openqa.selenium.devtools.CdpVersionFinder findNearestMatch
INFO: Unable to find CDP implementation matching 110.
Mar 02, 2023 12:44:01 AM org.openqa.selenium.chromium.ChromiumDriver lambda$new$3
WARNING: Unable to find version of CDP to use for . You may need to include a dependency on a specific version of the CDP using something similar to `org.seleniumhq.selenium:selenium-devtools-v86:4.2.1` where the version ("v86") matches the version of the chromium-based browser you're using and the version number of the artifact is the same as Selenium's.
]]></system-err>
  </testcase>
</testsuite>